mode: set
lets-go/database/database.go:13.63,16.16 3 0
lets-go/database/database.go:16.16,18.3 1 0
lets-go/database/database.go:21.2,21.37 1 0
lets-go/database/database.go:21.37,23.3 1 0
lets-go/database/database.go:25.2,26.12 2 0
lets-go/database/database.go:29.69,31.16 2 0
lets-go/database/database.go:31.16,33.3 1 0
lets-go/database/database.go:34.2,37.16 3 0
lets-go/database/database.go:37.16,39.3 1 0
lets-go/database/database.go:41.2,42.16 2 0
lets-go/database/database.go:42.16,44.3 1 0
lets-go/database/database.go:46.2,46.56 1 0
lets-go/database/database.go:46.56,48.3 1 0
lets-go/database/database.go:50.2,50.55 1 0
lets-go/database/database.go:50.55,52.3 1 0
lets-go/main.go:29.13,30.85 1 0
lets-go/main.go:30.85,32.3 1 0
lets-go/main.go:33.2,40.46 6 0
lets-go/main.go:44.70,45.71 1 0
lets-go/main.go:45.71,46.25 1 0
lets-go/main.go:46.25,49.4 2 0
lets-go/main.go:50.3,50.23 1 0
lets-go/main.go:54.52,60.16 4 0
lets-go/main.go:60.16,62.3 1 0
lets-go/main.go:64.2,79.16 5 0
lets-go/main.go:79.16,81.3 1 0
lets-go/main.go:84.56,86.2 1 0
lets-go/main.go:88.56,90.2 1 0
lets-go/main.go:92.80,94.2 1 0
lets-go/handlers/auth.go:10.56,10.57 0 0
lets-go/handlers/auth.go:12.53,12.54 0 0
lets-go/database/database.go:13.63,16.16 3 0
lets-go/database/database.go:16.16,18.3 1 0
lets-go/database/database.go:21.2,21.37 1 0
lets-go/database/database.go:21.37,23.3 1 0
lets-go/database/database.go:25.2,26.12 2 0
lets-go/database/database.go:29.69,31.16 2 1
lets-go/database/database.go:31.16,33.3 1 0
lets-go/database/database.go:34.2,37.16 3 1
lets-go/database/database.go:37.16,39.3 1 0
lets-go/database/database.go:41.2,42.16 2 1
lets-go/database/database.go:42.16,44.3 1 0
lets-go/database/database.go:46.2,46.56 1 1
lets-go/database/database.go:46.56,48.3 1 0
lets-go/database/database.go:50.2,50.55 1 1
lets-go/database/database.go:50.55,52.3 1 0
lets-go/models/users/user.go:16.31,20.16 3 1
lets-go/models/users/user.go:20.16,22.3 1 0
lets-go/models/users/user.go:24.2,24.12 1 1
lets-go/models/users/user.go:27.36,31.34 3 1
lets-go/models/users/user.go:31.34,33.3 1 0
lets-go/models/users/user.go:35.2,36.121 2 1
lets-go/models/users/user.go:36.121,38.3 1 1
lets-go/models/users/user.go:39.2,39.19 1 1
lets-go/models/users/user.go:42.31,46.2 3 1
lets-go/models/users/user.go:48.40,51.16 3 1
lets-go/models/users/user.go:51.16,53.3 1 0
lets-go/models/users/user.go:54.2,54.15 1 1
